<?xml version="1.0" encoding="UTF-8"?>
<!-- Generated by org.testng.reporters.JUnitReportReporter -->
<testsuite hostname="DESKTOP-9GI3SDH" failures="0" tests="1" name="com.actiTIME.test.CreateTask" time="27.712" errors="0" timestamp="2020-07-30T21:35:36 IST" skipped="0">
  <testcase classname="com.actiTIME.test.CreateTask" name="testCreateTask" time="27.712"/>
  <system-out/>
</testsuite> <!-- com.actiTIME.test.CreateTask -->
