<?xml version="1.0" encoding="UTF-8"?>
<!-- Generated by org.testng.reporters.JUnitReportReporter -->
<testsuite hostname="DESKTOP-9GI3SDH" failures="0" tests="1" name="com.actiTIME.test.CreateCustomer" time="46.149" errors="0" timestamp="2020-07-26T19:07:08 IST" skipped="0">
  <testcase classname="com.actiTIME.test.CreateCustomer" name="testCreateCustomer" time="46.149"/>
  <system-out/>
</testsuite> <!-- com.actiTIME.test.CreateCustomer -->
